<?xml version="1.0" encoding="UTF-8"?>
<testng-results ignored="0" total="1" passed="1" failed="0" skipped="0">
  <reporter-output>
  </reporter-output>
  <suite started-at="2024-09-29T23:38:11 IST" name="Master Suite" finished-at="2024-09-29T23:38:22 IST" duration-ms="11198">
    <groups>
    </groups>
    <test started-at="2024-09-29T23:38:11 IST" name="Test" finished-at="2024-09-29T23:38:22 IST" duration-ms="11198">
      <class name="testCases.TC_LoginTest">
        <test-method is-config="true" signature="setup(java.lang.String,java.lang.String)[pri:0, instance:testCases.TC_LoginTest@4d63b624]" started-at="2024-09-29T23:38:11 IST" name="setup" finished-at="2024-09-29T23:38:18 IST" duration-ms="7292" status="PASS">
          <params>
            <param index="0">
              <value>
                <![CDATA[Windows]]>
              </value>
            </param>
            <param index="1">
              <value>
                <![CDATA[chrome]]>
              </value>
            </param>
          </params>
          <reporter-output>
          </reporter-output>
        </test-method> <!-- setup -->
        <test-method signature="VerifyLogin()[pri:0, instance:testCases.TC_LoginTest@4d63b624]" started-at="2024-09-29T23:38:18 IST" name="VerifyLogin" finished-at="2024-09-29T23:38:21 IST" duration-ms="2973" status="PASS">
          <reporter-output>
          </reporter-output>
        </test-method> <!-- VerifyLogin -->
        <test-method is-config="true" signature="tearDown()[pri:0, instance:testCases.TC_LoginTest@4d63b624]" started-at="2024-09-29T23:38:21 IST" name="tearDown" finished-at="2024-09-29T23:38:22 IST" duration-ms="863" status="PASS">
          <reporter-output>
          </reporter-output>
        </test-method> <!-- tearDown -->
      </class> <!-- testCases.TC_LoginTest -->
    </test> <!-- Test -->
  </suite> <!-- Master Suite -->
</testng-results>
