<?xml version="1.0" encoding="UTF-8"?>
<testng-results ignored="0" total="1" passed="1" failed="0" skipped="0">
  <reporter-output>
  </reporter-output>
  <suite started-at="2024-09-23T18:27:29 IST" name="Default suite" finished-at="2024-09-23T18:27:37 IST" duration-ms="8378">
    <groups>
    </groups>
    <test started-at="2024-09-23T18:27:29 IST" name="Default test" finished-at="2024-09-23T18:27:37 IST" duration-ms="8378">
      <class name="testCases.TC_AccountRegistrationTest">
        <test-method is-config="true" signature="setup()[pri:0, instance:testCases.TC_AccountRegistrationTest@5745ca0e]" started-at="2024-09-23T18:27:29 IST" name="setup" finished-at="2024-09-23T18:27:35 IST" duration-ms="6406" status="PASS">
          <reporter-output>
          </reporter-output>
        </test-method> <!-- setup -->
        <test-method signature="verify_account_registration()[pri:0, instance:testCases.TC_AccountRegistrationTest@5745ca0e]" started-at="2024-09-23T18:27:35 IST" name="verify_account_registration" finished-at="2024-09-23T18:27:37 IST" duration-ms="1715" status="PASS">
          <reporter-output>
          </reporter-output>
        </test-method> <!-- verify_account_registration -->
        <test-method is-config="true" signature="tearDown()[pri:0, instance:testCases.TC_AccountRegistrationTest@5745ca0e]" started-at="2024-09-23T18:27:37 IST" name="tearDown" finished-at="2024-09-23T18:27:37 IST" duration-ms="222" status="PASS">
          <reporter-output>
          </reporter-output>
        </test-method> <!-- tearDown -->
      </class> <!-- testCases.TC_AccountRegistrationTest -->
    </test> <!-- Default test -->
  </suite> <!-- Default suite -->
</testng-results>
